<?xml version="1.0" encoding="UTF-8"?>
<!-- Generated by org.testng.reporters.JUnitReportReporter -->
<testsuite hostname="CPDK342" failures="0" tests="1" name="test.RunLoginTestNG" time="23.437" errors="0" timestamp="2025-08-25T18:42:47 IST" skipped="0">
  <testcase classname="test.RunLoginTestNG" name="f" time="23.437"/>
</testsuite> <!-- test.RunLoginTestNG -->
